[2020-11-19 15:09:22] production.ERROR: ErrorException: Invalid characters passed for attempted conversion, these have been ignored in /home/irsal/git/laravel-unit-test-example/vendor/nikic/php-parser/lib/PhpParser/Node/Scalar/String_.php:103
Stack trace:
#0 [internal function]: Illuminate\Foundation\Bootstrap\HandleExceptions->handleError()
#1 /home/irsal/git/laravel-unit-test-example/vendor/nikic/php-parser/lib/PhpParser/Node/Scalar/String_.php(103): hexdec()
#2 [internal function]: PhpParser\Node\Scalar\String_::PhpParser\Node\Scalar\{closure}()
#3 /home/irsal/git/laravel-unit-test-example/vendor/nikic/php-parser/lib/PhpParser/Node/Scalar/String_.php(96): preg_replace_callback()
#4 /home/irsal/git/laravel-unit-test-example/vendor/nikic/php-parser/lib/PhpParser/Node/Scalar/String_.php(69): PhpParser\Node\Scalar\String_::parseEscapeSequences()
#5 /home/irsal/git/laravel-unit-test-example/vendor/nikic/php-parser/lib/PhpParser/Parser/Php7.php(2381): PhpParser\Node\Scalar\String_::parse()
#6 /home/irsal/git/laravel-unit-test-example/vendor/nikic/php-parser/lib/PhpParser/ParserAbstract.php(247): PhpParser\Parser\Php7->reduceRule395()
#7 /home/irsal/git/laravel-unit-test-example/vendor/nikic/php-parser/lib/PhpParser/Parser/Multiple.php(58): PhpParser\ParserAbstract->parse()
#8 /home/irsal/git/laravel-unit-test-example/vendor/nikic/php-parser/lib/PhpParser/Parser/Multiple.php(29): PhpParser\Parser\Multiple->tryParse()
#9 /home/irsal/git/laravel-unit-test-example/vendor/classpreloader/classpreloader/src/ClassPreloader.php(127): PhpParser\Parser\Multiple->parse()
#10 /home/irsal/git/laravel-unit-test-example/vendor/laravel/framework/src/Illuminate/Foundation/Console/OptimizeCommand.php(83): ClassPreloader\ClassPreloader->getCode()
#11 /home/irsal/git/laravel-unit-test-example/vendor/laravel/framework/src/Illuminate/Foundation/Console/OptimizeCommand.php(64): Illuminate\Foundation\Console\OptimizeCommand->compileClasses()
#12 [internal function]: Illuminate\Foundation\Console\OptimizeCommand->fire()
#13 /home/irsal/git/laravel-unit-test-example/vendor/laravel/framework/src/Illuminate/Container/Container.php(507): call_user_func_array()
#14 /home/irsal/git/laravel-unit-test-example/vendor/laravel/framework/src/Illuminate/Console/Command.php(169): Illuminate\Container\Container->call()
#15 /home/irsal/git/laravel-unit-test-example/vendor/symfony/console/Command/Command.php(256): Illuminate\Console\Command->execute()
#16 /home/irsal/git/laravel-unit-test-example/vendor/laravel/framework/src/Illuminate/Console/Command.php(155): Symfony\Component\Console\Command\Command->run()
#17 /home/irsal/git/laravel-unit-test-example/vendor/symfony/console/Application.php(818): Illuminate\Console\Command->run()
#18 /home/irsal/git/laravel-unit-test-example/vendor/symfony/console/Application.php(186): Symfony\Component\Console\Application->doRunCommand()
#19 /home/irsal/git/laravel-unit-test-example/vendor/symfony/console/Application.php(117): Symfony\Component\Console\Application->doRun()
#20 /home/irsal/git/laravel-unit-test-example/vendor/laravel/framework/src/Illuminate/Foundation/Console/Kernel.php(122): Symfony\Component\Console\Application->run()
#21 /home/irsal/git/laravel-unit-test-example/artisan(35): Illuminate\Foundation\Console\Kernel->handle()
#22 {main}  
[2020-11-19 15:21:41] production.ERROR: ErrorException: Invalid characters passed for attempted conversion, these have been ignored in /home/irsal/git/laravel-unit-test-example/vendor/nikic/php-parser/lib/PhpParser/Node/Scalar/String_.php:103
Stack trace:
#0 [internal function]: Illuminate\Foundation\Bootstrap\HandleExceptions->handleError()
#1 /home/irsal/git/laravel-unit-test-example/vendor/nikic/php-parser/lib/PhpParser/Node/Scalar/String_.php(103): hexdec()
#2 [internal function]: PhpParser\Node\Scalar\String_::PhpParser\Node\Scalar\{closure}()
#3 /home/irsal/git/laravel-unit-test-example/vendor/nikic/php-parser/lib/PhpParser/Node/Scalar/String_.php(96): preg_replace_callback()
#4 /home/irsal/git/laravel-unit-test-example/vendor/nikic/php-parser/lib/PhpParser/Node/Scalar/String_.php(69): PhpParser\Node\Scalar\String_::parseEscapeSequences()
#5 /home/irsal/git/laravel-unit-test-example/vendor/nikic/php-parser/lib/PhpParser/Parser/Php7.php(2381): PhpParser\Node\Scalar\String_::parse()
#6 /home/irsal/git/laravel-unit-test-example/vendor/nikic/php-parser/lib/PhpParser/ParserAbstract.php(247): PhpParser\Parser\Php7->reduceRule395()
#7 /home/irsal/git/laravel-unit-test-example/vendor/nikic/php-parser/lib/PhpParser/Parser/Multiple.php(58): PhpParser\ParserAbstract->parse()
#8 /home/irsal/git/laravel-unit-test-example/vendor/nikic/php-parser/lib/PhpParser/Parser/Multiple.php(29): PhpParser\Parser\Multiple->tryParse()
#9 /home/irsal/git/laravel-unit-test-example/vendor/classpreloader/classpreloader/src/ClassPreloader.php(127): PhpParser\Parser\Multiple->parse()
#10 /home/irsal/git/laravel-unit-test-example/vendor/laravel/framework/src/Illuminate/Foundation/Console/OptimizeCommand.php(83): ClassPreloader\ClassPreloader->getCode()
#11 /home/irsal/git/laravel-unit-test-example/vendor/laravel/framework/src/Illuminate/Foundation/Console/OptimizeCommand.php(64): Illuminate\Foundation\Console\OptimizeCommand->compileClasses()
#12 [internal function]: Illuminate\Foundation\Console\OptimizeCommand->fire()
#13 /home/irsal/git/laravel-unit-test-example/vendor/laravel/framework/src/Illuminate/Container/Container.php(507): call_user_func_array()
#14 /home/irsal/git/laravel-unit-test-example/vendor/laravel/framework/src/Illuminate/Console/Command.php(169): Illuminate\Container\Container->call()
#15 /home/irsal/git/laravel-unit-test-example/vendor/symfony/console/Command/Command.php(256): Illuminate\Console\Command->execute()
#16 /home/irsal/git/laravel-unit-test-example/vendor/laravel/framework/src/Illuminate/Console/Command.php(155): Symfony\Component\Console\Command\Command->run()
#17 /home/irsal/git/laravel-unit-test-example/vendor/symfony/console/Application.php(818): Illuminate\Console\Command->run()
#18 /home/irsal/git/laravel-unit-test-example/vendor/symfony/console/Application.php(186): Symfony\Component\Console\Application->doRunCommand()
#19 /home/irsal/git/laravel-unit-test-example/vendor/symfony/console/Application.php(117): Symfony\Component\Console\Application->doRun()
#20 /home/irsal/git/laravel-unit-test-example/vendor/laravel/framework/src/Illuminate/Foundation/Console/Kernel.php(122): Symfony\Component\Console\Application->run()
#21 /home/irsal/git/laravel-unit-test-example/artisan(35): Illuminate\Foundation\Console\Kernel->handle()
#22 {main}  
[2020-11-19 15:31:29] production.ERROR: ErrorException: Invalid characters passed for attempted conversion, these have been ignored in /home/irsal/git/laravel-unit-test-example/vendor/nikic/php-parser/lib/PhpParser/Node/Scalar/String_.php:103
Stack trace:
#0 [internal function]: Illuminate\Foundation\Bootstrap\HandleExceptions->handleError()
#1 /home/irsal/git/laravel-unit-test-example/vendor/nikic/php-parser/lib/PhpParser/Node/Scalar/String_.php(103): hexdec()
#2 [internal function]: PhpParser\Node\Scalar\String_::PhpParser\Node\Scalar\{closure}()
#3 /home/irsal/git/laravel-unit-test-example/vendor/nikic/php-parser/lib/PhpParser/Node/Scalar/String_.php(96): preg_replace_callback()
#4 /home/irsal/git/laravel-unit-test-example/vendor/nikic/php-parser/lib/PhpParser/Node/Scalar/String_.php(69): PhpParser\Node\Scalar\String_::parseEscapeSequences()
#5 /home/irsal/git/laravel-unit-test-example/vendor/nikic/php-parser/lib/PhpParser/Parser/Php7.php(2381): PhpParser\Node\Scalar\String_::parse()
#6 /home/irsal/git/laravel-unit-test-example/vendor/nikic/php-parser/lib/PhpParser/ParserAbstract.php(247): PhpParser\Parser\Php7->reduceRule395()
#7 /home/irsal/git/laravel-unit-test-example/vendor/nikic/php-parser/lib/PhpParser/Parser/Multiple.php(58): PhpParser\ParserAbstract->parse()
#8 /home/irsal/git/laravel-unit-test-example/vendor/nikic/php-parser/lib/PhpParser/Parser/Multiple.php(29): PhpParser\Parser\Multiple->tryParse()
#9 /home/irsal/git/laravel-unit-test-example/vendor/classpreloader/classpreloader/src/ClassPreloader.php(127): PhpParser\Parser\Multiple->parse()
#10 /home/irsal/git/laravel-unit-test-example/vendor/laravel/framework/src/Illuminate/Foundation/Console/OptimizeCommand.php(83): ClassPreloader\ClassPreloader->getCode()
#11 /home/irsal/git/laravel-unit-test-example/vendor/laravel/framework/src/Illuminate/Foundation/Console/OptimizeCommand.php(64): Illuminate\Foundation\Console\OptimizeCommand->compileClasses()
#12 [internal function]: Illuminate\Foundation\Console\OptimizeCommand->fire()
#13 /home/irsal/git/laravel-unit-test-example/vendor/laravel/framework/src/Illuminate/Container/Container.php(507): call_user_func_array()
#14 /home/irsal/git/laravel-unit-test-example/vendor/laravel/framework/src/Illuminate/Console/Command.php(169): Illuminate\Container\Container->call()
#15 /home/irsal/git/laravel-unit-test-example/vendor/symfony/console/Command/Command.php(256): Illuminate\Console\Command->execute()
#16 /home/irsal/git/laravel-unit-test-example/vendor/laravel/framework/src/Illuminate/Console/Command.php(155): Symfony\Component\Console\Command\Command->run()
#17 /home/irsal/git/laravel-unit-test-example/vendor/symfony/console/Application.php(818): Illuminate\Console\Command->run()
#18 /home/irsal/git/laravel-unit-test-example/vendor/symfony/console/Application.php(186): Symfony\Component\Console\Application->doRunCommand()
#19 /home/irsal/git/laravel-unit-test-example/vendor/symfony/console/Application.php(117): Symfony\Component\Console\Application->doRun()
#20 /home/irsal/git/laravel-unit-test-example/vendor/laravel/framework/src/Illuminate/Foundation/Console/Kernel.php(122): Symfony\Component\Console\Application->run()
#21 /home/irsal/git/laravel-unit-test-example/artisan(35): Illuminate\Foundation\Console\Kernel->handle()
#22 {main}  
[2020-11-19 15:36:08] production.ERROR: ErrorException: Invalid characters passed for attempted conversion, these have been ignored in /home/irsal/git/laravel-unit-test-example/vendor/nikic/php-parser/lib/PhpParser/Node/Scalar/String_.php:103
Stack trace:
#0 [internal function]: Illuminate\Foundation\Bootstrap\HandleExceptions->handleError()
#1 /home/irsal/git/laravel-unit-test-example/vendor/nikic/php-parser/lib/PhpParser/Node/Scalar/String_.php(103): hexdec()
#2 [internal function]: PhpParser\Node\Scalar\String_::PhpParser\Node\Scalar\{closure}()
#3 /home/irsal/git/laravel-unit-test-example/vendor/nikic/php-parser/lib/PhpParser/Node/Scalar/String_.php(96): preg_replace_callback()
#4 /home/irsal/git/laravel-unit-test-example/vendor/nikic/php-parser/lib/PhpParser/Node/Scalar/String_.php(69): PhpParser\Node\Scalar\String_::parseEscapeSequences()
#5 /home/irsal/git/laravel-unit-test-example/vendor/nikic/php-parser/lib/PhpParser/Parser/Php7.php(2530): PhpParser\Node\Scalar\String_::parse()
#6 /home/irsal/git/laravel-unit-test-example/vendor/nikic/php-parser/lib/PhpParser/ParserAbstract.php(262): PhpParser\Parser\Php7->reduceRule422()
#7 /home/irsal/git/laravel-unit-test-example/vendor/nikic/php-parser/lib/PhpParser/Parser/Multiple.php(50): PhpParser\ParserAbstract->parse()
#8 /home/irsal/git/laravel-unit-test-example/vendor/nikic/php-parser/lib/PhpParser/Parser/Multiple.php(31): PhpParser\Parser\Multiple->tryParse()
#9 /home/irsal/git/laravel-unit-test-example/vendor/classpreloader/classpreloader/src/ClassPreloader.php(127): PhpParser\Parser\Multiple->parse()
#10 /home/irsal/git/laravel-unit-test-example/vendor/laravel/framework/src/Illuminate/Foundation/Console/OptimizeCommand.php(83): ClassPreloader\ClassPreloader->getCode()
#11 /home/irsal/git/laravel-unit-test-example/vendor/laravel/framework/src/Illuminate/Foundation/Console/OptimizeCommand.php(64): Illuminate\Foundation\Console\OptimizeCommand->compileClasses()
#12 [internal function]: Illuminate\Foundation\Console\OptimizeCommand->fire()
#13 /home/irsal/git/laravel-unit-test-example/vendor/laravel/framework/src/Illuminate/Container/Container.php(508): call_user_func_array()
#14 /home/irsal/git/laravel-unit-test-example/vendor/laravel/framework/src/Illuminate/Console/Command.php(169): Illuminate\Container\Container->call()
#15 /home/irsal/git/laravel-unit-test-example/vendor/symfony/console/Command/Command.php(261): Illuminate\Console\Command->execute()
#16 /home/irsal/git/laravel-unit-test-example/vendor/laravel/framework/src/Illuminate/Console/Command.php(155): Symfony\Component\Console\Command\Command->run()
#17 /home/irsal/git/laravel-unit-test-example/vendor/symfony/console/Application.php(817): Illuminate\Console\Command->run()
#18 /home/irsal/git/laravel-unit-test-example/vendor/symfony/console/Application.php(185): Symfony\Component\Console\Application->doRunCommand()
#19 /home/irsal/git/laravel-unit-test-example/vendor/symfony/console/Application.php(116): Symfony\Component\Console\Application->doRun()
#20 /home/irsal/git/laravel-unit-test-example/vendor/laravel/framework/src/Illuminate/Foundation/Console/Kernel.php(121): Symfony\Component\Console\Application->run()
#21 /home/irsal/git/laravel-unit-test-example/artisan(35): Illuminate\Foundation\Console\Kernel->handle()
#22 {main}  
